::1 - - [19/Oct/2020:10:05:06 +0000] "GET /api/v1/test HTTP/1.1" 200 55 "-" "PostmanRuntime/7.26.5"
::1 - - [19/Oct/2020:10:05:33 +0000] "GET /api/v1/test HTTP/1.1" 200 55 "-" "PostmanRuntime/7.26.5"
::1 - - [19/Oct/2020:10:10:12 +0000] "GET /api/v1/algo HTTP/1.1" - - "-" "PostmanRuntime/7.26.5"
::1 - - [19/Oct/2020:10:25:22 +0000] "GET /api/v1/algo?questionHash=singleNumber&input=[2,1,0,22,0,3,1,3,4,3,5] HTTP/1.1" 200 54 "-" "PostmanRuntime/7.26.5"
::1 - - [19/Oct/2020:10:26:10 +0000] "GET /api/v1/algo?questionHash=singleNumber&input=[2,1,0,22,0,3,1,3,4,3,5] HTTP/1.1" 200 54 "-" "PostmanRuntime/7.26.5"
::1 - - [19/Oct/2020:10:27:11 +0000] "GET /api/v1/algo?questionHash=singleNumber&input=[2,1,0,22,0,3,1,3,4,3,5] HTTP/1.1" 200 54 "-" "PostmanRuntime/7.26.5"
::1 - - [19/Oct/2020:10:45:36 +0000] "GET /api/v1/algo?questionHash=singleNumber&input=[2,1,0,22,0,3,1,3,4,3,5] HTTP/1.1" 200 64 "-" "PostmanRuntime/7.26.5"
::1 - - [19/Oct/2020:10:46:58 +0000] "GET /api/v1/algo?questionHash=singleNumber&input=[2,1,0,22,0,3,1,3,4,3,5] HTTP/1.1" 200 64 "-" "PostmanRuntime/7.26.5"
::1 - - [19/Oct/2020:10:49:18 +0000] "GET /api/v1/algo?questionHash=singleNumber&input=[2,1,0,22,0,3,1,3,4,3,5] HTTP/1.1" 200 64 "-" "PostmanRuntime/7.26.5"
::1 - - [19/Oct/2020:10:49:31 +0000] "GET /api/v1/algo?questionHash=singleNumber&inputArray=[2,1,0,22,0,3,1,3,4,3,5] HTTP/1.1" 200 64 "-" "PostmanRuntime/7.26.5"
::1 - - [19/Oct/2020:10:53:30 +0000] "GET /api/v1/algo?questionHash=singleNumber&inputArray=[2,1,0,22,0,3,1,3,4,3,5] HTTP/1.1" 200 64 "-" "PostmanRuntime/7.26.5"
::1 - - [19/Oct/2020:10:54:02 +0000] "GET /api/v1/algo?questionHash=singleNumber&inputArray=[2,1,0,22,0,3,1,3,4,3,5] HTTP/1.1" 200 64 "-" "PostmanRuntime/7.26.5"
::1 - - [19/Oct/2020:11:12:40 +0000] "GET /api/v1/algo?questionHash=singleNumber&inputArray=[2,1,0,22,0,3,1,3,4,3,5] HTTP/1.1" 200 64 "-" "PostmanRuntime/7.26.5"
::1 - - [19/Oct/2020:11:16:50 +0000] "GET /api/v1/algo?questionHash=singleNumber&inputArray=[2,1,0,22,0,3,1,3,4,3,5] HTTP/1.1" 200 64 "-" "PostmanRuntime/7.26.5"
::1 - - [19/Oct/2020:11:18:03 +0000] "GET /api/v1/algo?questionHash=singleNumber&inputArray=[2,1,0,22,0,3,1,3,4,3,5] HTTP/1.1" 200 64 "-" "PostmanRuntime/7.26.5"
::1 - - [19/Oct/2020:11:23:26 +0000] "GET /api/v1/algo?questionHash=singleNumber&inputArray=[2,1,0,22,0,3,1,3,4,3,5] HTTP/1.1" 200 64 "-" "PostmanRuntime/7.26.5"
::1 - - [19/Oct/2020:11:28:33 +0000] "GET /api/v1/algo?questionHash=singleNumber&inputArray=[2,1,0,22,0,3,1,3,4,3,5] HTTP/1.1" 200 64 "-" "PostmanRuntime/7.26.5"
::1 - - [19/Oct/2020:11:29:45 +0000] "GET /api/v1/algo?questionHash=singleNumber&inputArray=[2,1,0,22,0,3,1,3,4,3,5] HTTP/1.1" 200 64 "-" "PostmanRuntime/7.26.5"
::1 - - [19/Oct/2020:11:34:27 +0000] "GET /api/v1/algo?questionHash=singleNumber&inputArray=[2,1,0,22,0,3,1,3,4,3,5] HTTP/1.1" 200 64 "-" "PostmanRuntime/7.26.5"
::1 - - [19/Oct/2020:11:34:51 +0000] "GET /api/v1/algo?questionHash=singleNumber&inputArray=[2,1,0,22,0,3,1,3,4,3,5] HTTP/1.1" 200 64 "-" "PostmanRuntime/7.26.5"
::1 - - [19/Oct/2020:11:35:51 +0000] "GET /api/v1/algo?questionHash=singleNumber&inputArray=[2,1,0,22,0,3,1,3,4,3,5] HTTP/1.1" 200 64 "-" "PostmanRuntime/7.26.5"
::1 - - [19/Oct/2020:11:41:05 +0000] "GET /api/v1/algo?questionHash=singleNumber&inputArray=[2,1,0,22,0,3,1,3,4,3,5] HTTP/1.1" 200 64 "-" "PostmanRuntime/7.26.5"
::1 - - [19/Oct/2020:11:44:52 +0000] "GET /api/v1/algo?questionHash=singleNumber&inputArray=[2,1,6,22,6,4,3,1,3,4,3,5] HTTP/1.1" 200 64 "-" "PostmanRuntime/7.26.5"
::1 - - [19/Oct/2020:11:46:22 +0000] "GET /api/v1/algo?questionHash=singleNumber&inputArray=[2,1,6,22,6,4,3,1,3,4,3,5] HTTP/1.1" 200 64 "-" "PostmanRuntime/7.26.5"
::1 - - [19/Oct/2020:11:47:48 +0000] "GET /api/v1/algo?questionHash=singleNumber&inputArray=[2,1,6,22,6,4,3,1,3,4,3,5] HTTP/1.1" 200 64 "-" "PostmanRuntime/7.26.5"
::1 - - [19/Oct/2020:11:50:53 +0000] "GET /api/v1/algo?questionHash=singleNumber&inputArray=[2,1,6,22,6,4,3,1,3,4,3,5] HTTP/1.1" 200 64 "-" "PostmanRuntime/7.26.5"
::1 - - [19/Oct/2020:12:02:00 +0000] "GET /api/v1/algo?questionHash=singleNumber&inputArray=[2,1,6,22,6,4,3,1,3,4,3,5] HTTP/1.1" 200 64 "-" "PostmanRuntime/7.26.5"
::1 - - [19/Oct/2020:12:03:45 +0000] "GET /api/v1/algo?questionHash=singleNumber&inputArray=[2,1,6,22,6,4,3,1,3,4,3,5] HTTP/1.1" 200 64 "-" "PostmanRuntime/7.26.5"
::1 - - [19/Oct/2020:12:05:24 +0000] "GET /api/v1/algo?questionHash=singleNumber&inputArray=[2,1,6,22,6,4,3,1,3,4,3,5] HTTP/1.1" 200 64 "-" "PostmanRuntime/7.26.5"
::1 - - [19/Oct/2020:12:11:58 +0000] "GET /api/v1/algo?questionHash=singleNumber&inputArray=[2,1,6,22,6,4,3,1,3,4,3,5] HTTP/1.1" 200 64 "-" "PostmanRuntime/7.26.5"
::1 - - [19/Oct/2020:12:16:13 +0000] "GET /api/v1/algo?questionHash=singleNumber&inputArray=[2,1,6,22,6,4,3,1,3,4,3,5] HTTP/1.1" 200 64 "-" "PostmanRuntime/7.26.5"
::1 - - [19/Oct/2020:12:16:47 +0000] "GET /api/v1/algo?questionHash=singleNumber&inputArray=[2,1,6,22,6,4,3,1,3,4,3,5] HTTP/1.1" 200 64 "-" "PostmanRuntime/7.26.5"
::1 - - [19/Oct/2020:12:21:55 +0000] "GET /api/v1/algo?questionHash=singleNumber&inputArray=[2,1,6,22,6,4,3,1,3,4,3,5] HTTP/1.1" 200 64 "-" "PostmanRuntime/7.26.5"
::1 - - [19/Oct/2020:12:25:26 +0000] "GET /api/v1/algo?questionHash=singleNumber&inputArray=[2,1,6,22,6,4,3,1,3,4,3,5] HTTP/1.1" 200 64 "-" "PostmanRuntime/7.26.5"
::1 - - [19/Oct/2020:12:26:45 +0000] "GET /api/v1/algo?questionHash=singleNumber&inputArray=[2,1,6,22,6,4,3,1,3,4,3,5] HTTP/1.1" 200 64 "-" "PostmanRuntime/7.26.5"
::1 - - [19/Oct/2020:12:27:57 +0000] "GET /api/v1/algo?questionHash=singleNumber&inputArray=[2,1,6,22,6,4,3,1,3,4,3,5] HTTP/1.1" 200 64 "-" "PostmanRuntime/7.26.5"
::1 - - [19/Oct/2020:12:29:03 +0000] "GET /api/v1/algo?questionHash=singleNumber&inputArray=[2,1,6,22,6,4,3,1,3,4,3,5] HTTP/1.1" 200 64 "-" "PostmanRuntime/7.26.5"
::1 - - [19/Oct/2020:12:30:53 +0000] "GET /api/v1/algo?questionHash=singleNumber&inputArray=[2,1,6,22,6,4,3,1,3,4,3,5] HTTP/1.1" 200 64 "-" "PostmanRuntime/7.26.5"
::1 - - [19/Oct/2020:12:35:31 +0000] "GET /api/v1/algo?questionHash=singleNumber&inputArray=[2,1,6,22,6,4,3,1,3,4,3,5] HTTP/1.1" 200 64 "-" "PostmanRuntime/7.26.5"
::1 - - [19/Oct/2020:12:36:01 +0000] "GET /api/v1/algo?questionHash=singleNumber&inputArray=[2,1,6,22,6,4,3,1,3,4,3,5] HTTP/1.1" 200 64 "-" "PostmanRuntime/7.26.5"
::1 - - [19/Oct/2020:12:39:48 +0000] "GET /api/v1/algo?questionHash=singleNumber&inputArray=[2,1,6,22,6,4,3,1,3,4,3,5] HTTP/1.1" 200 64 "-" "PostmanRuntime/7.26.5"
::1 - - [19/Oct/2020:12:41:04 +0000] "GET /api/v1/algo?questionHash=singleNumber&inputArray=[2,1,6,22,6,4,3,1,3,4,3,5] HTTP/1.1" 200 64 "-" "PostmanRuntime/7.26.5"
::1 - - [19/Oct/2020:12:42:05 +0000] "GET /api/v1/algo?questionHash=singleNumber&inputArray=[2,1,6,22,6,4,3,1,3,4,3,5] HTTP/1.1" 200 64 "-" "PostmanRuntime/7.26.5"
::1 - - [19/Oct/2020:12:42:49 +0000] "GET /api/v1/algo?questionHash=singleNumber&inputArray=[2,1,6,22,6,4,3,1,3,4,3,5] HTTP/1.1" 200 64 "-" "PostmanRuntime/7.26.5"
::1 - - [19/Oct/2020:12:56:05 +0000] "GET /api/v1/algo?questionHash=singleNumber&inputArray=[2,1,6,22,6,4,3,1,3,4,3,5] HTTP/1.1" 200 64 "-" "PostmanRuntime/7.26.5"
::1 - - [20/Oct/2020:08:03:42 +0000] "GET /api/v1/algo?questionHash=singleNumber&inputArray=[2,1,6,22,6,4,3,1,3,4,3,5] HTTP/1.1" 200 64 "-" "PostmanRuntime/7.26.5"
::1 - - [20/Oct/2020:08:04:04 +0000] "GET /api/v1/algo?questionHash=singleNumber&inputArray=[2,1,6,22,6,4,3,1,3,4,3,5] HTTP/1.1" 200 64 "-" "PostmanRuntime/7.26.5"
::1 - - [20/Oct/2020:08:06:35 +0000] "GET /api/v1/algo?questionHash=singleNumber&inputArray=[2,1,6,22,6,4,3,1,3,4,3,5] HTTP/1.1" 200 64 "-" "PostmanRuntime/7.26.5"
::1 - - [20/Oct/2020:08:21:44 +0000] "GET /api/v1/algo?questionHash=singleNumber&inputArray=[2,1,6,22,6,4,3,1,3,4,3,5] HTTP/1.1" 200 64 "-" "PostmanRuntime/7.26.5"
::1 - - [20/Oct/2020:08:23:42 +0000] "GET /api/v1/algo?questionHash=singleNumber&inputArray=[2,1,6,22,6,4,3,1,3,4,3,5] HTTP/1.1" 200 64 "-" "PostmanRuntime/7.26.5"
::1 - - [20/Oct/2020:08:25:22 +0000] "GET /api/v1/algo?questionHash=singleNumber&inputArray=[2,1,6,22,6,4,3,1,3,4,3,5] HTTP/1.1" 200 64 "-" "PostmanRuntime/7.26.5"
::1 - - [20/Oct/2020:08:26:07 +0000] "GET /api/v1/algo?questionHash=singleNumber&inputArray=[2,1,6,22,6,4,3,1,3,4,3,5] HTTP/1.1" 200 64 "-" "PostmanRuntime/7.26.5"
::1 - - [20/Oct/2020:08:39:50 +0000] "GET /api/v1/algo?questionHash=singleNumber&inputArray=[2,1,6,22,6,4,3,1,3,4,3,5] HTTP/1.1" 200 64 "-" "PostmanRuntime/7.26.5"
::1 - - [23/Oct/2020:11:15:47 +0000] "GET /api/v1/algo?questionHash=singleNumber&inputArray=[2,1,6,2,6,4,3,1,3,4,3,5,6] HTTP/1.1" 200 64 "-" "PostmanRuntime/7.26.5"
::1 - - [23/Oct/2020:11:17:49 +0000] "GET /api/v1/algo?questionHash=bfsShortDistance&inputArray=[[0,1,0,1,1,1,1,1,1,1],[1,1,1,1,1,1,0,1,1,1],[1,1,1,1,0,1,1,1,1,1],[1,1,1,1,0,1,1,1,1,1],%20[0,1,1,1,1,1,1,1,1,1]] HTTP/1.1" 200 54 "-" "PostmanRuntime/7.26.5"
::1 - - [23/Oct/2020:11:18:55 +0000] "GET /api/v1/algo?questionHash=bfsShortDistance&inputArray=[[0,1,0,1,1,1,1,1,1,1],[1,1,1,1,1,1,0,1,1,1],[1,1,1,1,0,1,1,1,1,1],[1,1,1,1,0,1,1,1,1,1],%20[0,1,1,1,1,1,1,1,1,1]] HTTP/1.1" 200 54 "-" "PostmanRuntime/7.26.5"
::1 - - [23/Oct/2020:11:20:33 +0000] "GET /api/v1/algo?questionHash=bfsShortDistance&inputArray=[[0,1,0,1,1,1,1,1,1,1],[1,1,1,1,1,1,0,1,1,1],[1,1,1,1,0,1,1,1,1,1],[1,1,1,1,0,1,1,1,1,1],%20[0,1,1,1,1,1,1,1,1,1]] HTTP/1.1" 200 54 "-" "PostmanRuntime/7.26.5"
::1 - - [23/Oct/2020:11:22:11 +0000] "GET /api/v1/algo?questionHash=bfsShortDistance&inputArray=[[0,1,0,1,1,1,1,1,1,1],[1,1,1,1,1,1,0,1,1,1],[1,1,1,1,0,1,1,1,1,1],[1,1,1,1,0,1,1,1,1,1],%20[0,1,1,1,1,1,1,1,1,1]] HTTP/1.1" 200 54 "-" "PostmanRuntime/7.26.5"
::1 - - [23/Oct/2020:11:26:24 +0000] "GET /api/v1/algo?questionHash=bfsShortDistance&inputArray=[[0,1,0,1,1,1,1,1,1,1],[1,1,1,1,1,1,0,1,1,1],[1,1,1,1,0,1,1,1,1,1],[1,1,1,1,0,1,1,1,1,1],%20[0,1,1,1,1,1,1,1,1,1]] HTTP/1.1" 200 63 "-" "PostmanRuntime/7.26.5"
::1 - - [23/Oct/2020:11:28:36 +0000] "GET /api/v1/algo?questionHash=bfsShortDistance&inputArray=[[0,1,0,1,1,1,1,1,1,1],[1,1,1,1,1,1,0,1,1,1],[1,1,1,1,0,1,1,1,1,1],[1,1,1,1,0,1,1,1,1,1],%20[0,1,1,1,1,1,1,1,1,1]] HTTP/1.1" 200 63 "-" "PostmanRuntime/7.26.5"
::1 - - [23/Oct/2020:11:32:44 +0000] "GET /api/v1/algo?questionHash=bfsShortDistance&inputArray=[[0,1,0,1,1,1,1,1,1,1],[1,1,1,1,1,1,0,1,1,1],[1,1,1,1,0,1,1,1,1,1],[1,1,1,1,0,1,1,1,1,1],%20[0,1,1,1,1,1,1,1,1,1]] HTTP/1.1" 200 54 "-" "PostmanRuntime/7.26.5"
::1 - - [23/Oct/2020:11:34:37 +0000] "GET /api/v1/algo?questionHash=bfsShortDistance&inputArray=[[0,1,0,1,1,1,1,1,1,1],[1,1,1,1,1,1,0,1,1,1],[1,1,1,1,0,1,1,1,1,1],[1,1,1,1,0,1,1,1,1,1],%20[0,1,1,1,1,1,1,1,1,1]] HTTP/1.1" 200 54 "-" "PostmanRuntime/7.26.5"
::1 - - [23/Oct/2020:11:51:24 +0000] "GET /api/v1/algo?questionHash=bfsShortDistance&inputArray=[[0,1,0,1,1,1,1,1,1,1],[1,1,1,1,1,1,0,1,1,1],[1,1,1,1,0,1,1,1,1,1],[1,1,1,1,0,1,1,1,1,1],%20[0,1,1,1,1,1,1,1,1,1]] HTTP/1.1" 200 54 "-" "PostmanRuntime/7.26.5"
::1 - - [23/Oct/2020:11:51:47 +0000] "GET /api/v1/algo?questionHash=bfsShortDistance&inputArray=[[0,1,0,1,1,1,1,1,1,1],[1,1,1,1,1,1,0,1,1,1],[1,1,1,1,0,1,1,1,1,1],[1,1,1,1,0,1,1,1,1,1],%20[0,1,1,1,1,1,1,1,1,1]] HTTP/1.1" 200 54 "-" "PostmanRuntime/7.26.5"
::1 - - [23/Oct/2020:11:53:00 +0000] "GET /api/v1/algo?questionHash=bfsShortDistance&inputArray=[[0,1,0,1,1,1,1,1,1,1],[1,1,1,1,1,1,0,1,1,1],[1,1,1,1,0,1,1,1,1,1],[1,1,1,1,0,1,1,1,1,1],%20[0,1,1,1,1,1,1,1,1,1]] HTTP/1.1" 200 54 "-" "PostmanRuntime/7.26.5"
::1 - - [23/Oct/2020:11:54:05 +0000] "GET /api/v1/algo?questionHash=bfsShortDistance&inputArray=[[0,1,0,1,1,1,1,1,1,1],[1,1,1,1,1,1,0,1,1,1],[1,1,1,1,0,1,1,1,1,1],[1,1,1,1,0,1,1,1,1,1],%20[0,1,1,1,1,1,1,1,1,1]] HTTP/1.1" 200 54 "-" "PostmanRuntime/7.26.5"
::1 - - [23/Oct/2020:11:56:04 +0000] "GET /api/v1/algo?questionHash=bfsShortDistance&inputArray=[[0,1,0,1,1,1,1,1,1,1],[1,1,1,1,1,1,0,1,1,1],[1,1,1,1,0,1,1,1,1,1],[1,1,1,1,0,1,1,1,1,1],%20[0,1,1,1,1,1,1,1,1,1]] HTTP/1.1" 200 54 "-" "PostmanRuntime/7.26.5"
::1 - - [23/Oct/2020:11:58:46 +0000] "GET /api/v1/algo?questionHash=bfsShortDistance&inputArray=[[0,1,0,1,1,1,1,1,1,1],[1,1,1,1,1,1,0,1,1,1],[1,1,1,1,0,1,1,1,1,1],[1,1,1,1,0,1,1,1,1,1],%20[0,1,1,1,1,1,1,1,1,1]] HTTP/1.1" 200 54 "-" "PostmanRuntime/7.26.5"
::1 - - [23/Oct/2020:12:00:22 +0000] "GET /api/v1/algo?questionHash=bfsShortDistance&inputArray=[[0,1,0,1,1,1,1,1,1,1],[1,1,1,1,1,1,0,1,1,1],[1,1,1,1,0,1,1,1,1,1],[1,1,1,1,0,1,1,1,1,1],%20[0,1,1,1,1,1,1,1,1,1]] HTTP/1.1" 200 54 "-" "PostmanRuntime/7.26.5"
::1 - - [23/Oct/2020:12:02:22 +0000] "GET /api/v1/algo?questionHash=bfsShortDistance&inputArray=[[0,1,0,1,1,1,1,1,1,1],[1,1,1,1,1,1,0,1,1,1],[1,1,1,1,0,1,1,1,1,1],[1,1,1,1,0,1,1,1,1,1],%20[0,1,1,1,1,1,1,1,1,1]] HTTP/1.1" 200 54 "-" "PostmanRuntime/7.26.5"
